Removed Pin From Net: NetName=GPIO Pin=U2-5
Removed Pin From Net: NetName=I2C_SDA Pin=U5-39
Removed Pin From Net: NetName=I2C_SCL Pin=U5-40
Change Component Comment : Designator=C16 Old Comment=C0603 New Comment=10uF
Change Component Designator: OldDesignator=C? NewDesignator=C23
Added Component: Designator=C24(C0402)
Added Component: Designator=C25(C0402)
Added Component: Designator=C26(C0402)
Added Component: Designator=R9(R0402)
Added Component: Designator=R10(R0402)
Added Component: Designator=R11(R0402)
Added Component: Designator=R12(R0402)
Added Pin To Net: NetName=GND Pin=C18-1
Added Pin To Net: NetName=GND Pin=C24-1
Added Pin To Net: NetName=GND Pin=C25-1
Added Pin To Net: NetName=GND Pin=C26-1
Added Pin To Net: NetName=ALDO1 Pin=C26-2
Added Pin To Net: NetName=GND Pin=LED1-2
Added Pin To Net: NetName=VSYS Pin=LED1-4
Added Pin To Net: NetName=DCDC1 Pin=R9-1
Added Pin To Net: NetName=DCDC1 Pin=R10-1
Added Pin To Net: NetName=GND Pin=R11-1
Added Pin To Net: NetName=ALDO1 Pin=R12-1
Added Pin To Net: NetName=EN Pin=SW1-1
Added Pin To Net: NetName=GND Pin=SW1-2
Added Pin To Net: NetName=GND Pin=SW2-2
Added Pin To Net: NetName=GND Pin=SW3-2
Added Pin To Net: NetName=I2C_SDA Pin=U4-6
Added Pin To Net: NetName=I2C_SCL Pin=U4-7
Added Pin To Net: NetName=VRTC Pin=U4-10
Added Pin To Net: NetName=GND Pin=U4-11
Added Pin To Net: NetName=I2C_SCL Pin=U5-39
Added Pin To Net: NetName=I2C_SDA Pin=U5-40
Added Pin To Net: NetName=GPIO Pin=U6-1
Added Pin To Net: NetName=GND Pin=U6-3
Added Pin To Net: NetName=ALDO1 Pin=U6-7
Added Pin To Net: NetName=ALDO1 Pin=U6-8
Added Pin To Net: NetName=GND Pin=U6-11
Added Pin To Net: NetName=GND Pin=U6-15
Added Pin To Net: NetName=GND Pin=U6-17
Added Pin To Net: NetName=GPIO0 Pin=LED1-3
Added Pin To Net: NetName=GPIO0 Pin=U2-5
Added Net: Name=GPIO0
Added Pin To Net: NetName=GPPIO Pin=U6-14
Added Pin To Net: NetName=GPPIO Pin=U6-16
Added Net: Name=GPPIO
Added Pin To Net: NetName=NetC24_2 Pin=C24-2
Added Pin To Net: NetName=NetC24_2 Pin=U4-1
Added Pin To Net: NetName=NetC24_2 Pin=X2-2
Added Net: Name=NetC24_2
Added Pin To Net: NetName=NetC25_2 Pin=C25-2
Added Pin To Net: NetName=NetC25_2 Pin=U4-2
Added Pin To Net: NetName=NetC25_2 Pin=X2-1
Added Net: Name=NetC25_2
Added Pin To Net: NetName=NetR9_2 Pin=R9-2
Added Pin To Net: NetName=NetR9_2 Pin=SW2-1
Added Net: Name=NetR9_2
Added Pin To Net: NetName=NetR10_2 Pin=R10-2
Added Pin To Net: NetName=NetR10_2 Pin=SW3-1
Added Net: Name=NetR10_2
Added Pin To Net: NetName=NetR11_2 Pin=R11-2
Added Pin To Net: NetName=NetR11_2 Pin=U6-2
Added Net: Name=NetR11_2
Added Pin To Net: NetName=NetR12_2 Pin=R12-2
Added Pin To Net: NetName=NetR12_2 Pin=U6-4
Added Net: Name=NetR12_2
Added Pin To Net: NetName=RTC_INT Pin=U4-4
Added Net: Name=RTC_INT
Added Member To Class: ClassName=peripheral Member=Component C24 C0402
Added Member To Class: ClassName=peripheral Member=Component C25 C0402
Added Member To Class: ClassName=peripheral Member=Component C26 100nF
Added Member To Class: ClassName=peripheral Member=Component R9 10K
Added Member To Class: ClassName=peripheral Member=Component R10 10K
Added Member To Class: ClassName=peripheral Member=Component R11 220
Added Member To Class: ClassName=peripheral Member=Component R12 1M
