Added Component: Designator=C14(C0402)
Added Component: Designator=C15(C0402)
Added Component: Designator=C16(C0603)
Added Component: Designator=C17(C0402)
Added Component: Designator=C18(C0402)
Added Component: Designator=C19(C0402)
Added Component: Designator=C20(C0402)
Added Component: Designator=C21(C0603)
Added Component: Designator=C22(C0603)
Added Component: Designator=C?(C0402)
Added Component: Designator=L1(L0402-SMD)
Added Component: Designator=LED2(LED0603-BL)
Added Component: Designator=R8(R0402)
Added Pin To Net: NetName=GND Pin=C14-1
Added Pin To Net: NetName=GND Pin=C15-1
Added Pin To Net: NetName=GND Pin=C16-1
Added Pin To Net: NetName=VBUS Pin=C16-2
Added Pin To Net: NetName=GND Pin=C17-1
Added Pin To Net: NetName=GND Pin=C19-1
Added Pin To Net: NetName=GND Pin=C20-1
Added Pin To Net: NetName=GND Pin=C21-1
Added Pin To Net: NetName=VDD33 Pin=C21-2
Added Pin To Net: NetName=GND Pin=C22-1
Added Pin To Net: NetName=VDD33 Pin=C22-2
Added Pin To Net: NetName=GND Pin=C?-1
Added Pin To Net: NetName=VDD33 Pin=C?-2
Added Pin To Net: NetName=VDD33 Pin=L1-2
Added Pin To Net: NetName=GND Pin=U5-3
Added Pin To Net: NetName=VDD33 Pin=U5-21
Added Pin To Net: NetName=EN Pin=U5-29
Added Pin To Net: NetName=VBUS Pin=U5-37
Added Pin To Net: NetName=GND Pin=U5-41
Change Net Name : Old Net Name=VDD33 New Net Name=DCDC1
Added Pin To Net: NetName=ALDO1 Pin=C18-2
Added Pin To Net: NetName=ALDO1 Pin=U5-18
Added Net: Name=ALDO1
Added Pin To Net: NetName=I2C_SCL Pin=U5-40
Added Net: Name=I2C_SCL
Added Pin To Net: NetName=I2C_SDA Pin=U5-39
Added Net: Name=I2C_SDA
Added Pin To Net: NetName=NetC14_2 Pin=C14-2
Added Pin To Net: NetName=NetC14_2 Pin=U5-2
Added Net: Name=NetC14_2
Added Pin To Net: NetName=NetL1_1 Pin=L1-1
Added Pin To Net: NetName=NetL1_1 Pin=U5-22
Added Net: Name=NetL1_1
Added Pin To Net: NetName=NetLED2_1 Pin=LED2-1
Added Pin To Net: NetName=NetLED2_1 Pin=U5-1
Added Net: Name=NetLED2_1
Added Pin To Net: NetName=NetLED2_2 Pin=LED2-2
Added Pin To Net: NetName=NetLED2_2 Pin=R8-2
Added Net: Name=NetLED2_2
Added Pin To Net: NetName=PMIC_IRQ Pin=U5-38
Added Net: Name=PMIC_IRQ
Added Pin To Net: NetName=PMIC_ON Pin=U5-30
Added Net: Name=PMIC_ON
Added Pin To Net: NetName=PMIC_TS Pin=U5-31
Added Net: Name=PMIC_TS
Added Pin To Net: NetName=VBAT Pin=C15-2
Added Pin To Net: NetName=VBAT Pin=U5-33
Added Net: Name=VBAT
Added Pin To Net: NetName=VRTC Pin=C17-2
Added Pin To Net: NetName=VRTC Pin=U5-28
Added Net: Name=VRTC
Added Pin To Net: NetName=VSYS Pin=C19-2
Added Pin To Net: NetName=VSYS Pin=C20-2
Added Pin To Net: NetName=VSYS Pin=R8-1
Added Pin To Net: NetName=VSYS Pin=U5-17
Added Pin To Net: NetName=VSYS Pin=U5-23
Added Pin To Net: NetName=VSYS Pin=U5-34
Added Pin To Net: NetName=VSYS Pin=U5-36
Added Net: Name=VSYS
Added Member To Class: ClassName=peripheral Member=Component C14 1uF
Added Member To Class: ClassName=peripheral Member=Component C15 1uF
Added Member To Class: ClassName=peripheral Member=Component C16 C0603
Added Member To Class: ClassName=peripheral Member=Component C17 1uF
Added Member To Class: ClassName=peripheral Member=Component C18 2.2uF
Added Member To Class: ClassName=peripheral Member=Component C19 1uF
Added Member To Class: ClassName=peripheral Member=Component C20 1uF
Added Member To Class: ClassName=peripheral Member=Component C21 22uF
Added Member To Class: ClassName=peripheral Member=Component C22 22uF
Added Member To Class: ClassName=peripheral Member=Component C? 100nF
Added Member To Class: ClassName=peripheral Member=Component L1 1uH
Added Member To Class: ClassName=peripheral Member=Component LED2 KT-0603B
Added Member To Class: ClassName=peripheral Member=Component R8 10K
